<?xml version="1.0" encoding="UTF-8"?>
<!-- Generated by org.testng.reporters.JUnitXMLReporter -->
<testsuite ignored="2" hostname="DESKTOP-FODCQ2C" failures="1" tests="10" name="TestNG Test" time="192.278" errors="0" timestamp="2023-02-10T17:38:28 IST">
  <testcase classname="com.crm9woodDevBallistixcem.CreateEditDelete9woodDevTest" name="createEditDeleteMarketingCampaignTest" time="11.303">
    <skipped/>
  </testcase> <!-- createEditDeleteMarketingCampaignTest -->
  <testcase classname="com.crm9woodDevBallistixcem.CreateEditDelete9woodDevTest" name="createEditDeleteMarketingCampaignTest" time="10.264">
    <skipped/>
  </testcase> <!-- createEditDeleteMarketingCampaignTest -->
  <testcase classname="com.crm9woodDevBallistixcem.CreateEditDelete9woodDevTest" name="createEditDeleteMarketingCampaignTest" time="10.262">
    <skipped/>
  </testcase> <!-- createEditDeleteMarketingCampaignTest -->
  <testcase classname="com.crm9woodDevBallistixcem.CreateEditDelete9woodDevTest" name="createEditDeleteMarketingCampaignTest" time="10.248">
    <failure type="org.openqa.selenium.NoSuchElementException" message="no such element: Unable to locate element: {&amp;quot;method&amp;quot;:&amp;quot;xpath&amp;quot;,&amp;quot;selector&amp;quot;:&amp;quot;//div[@class=&amp;apos;vtiger-menu-item col-lg-6 textOverflowEllipsis textAlignLeft&amp;apos; and @title=&amp;apos;Campaigns&amp;apos;]&amp;quot;}
  (Session info: chrome=110.0.5481.77)
For documentation on this error, please visit: https://www.seleniumhq.org/exceptions/no_such_element.html
Build info: version: &amp;apos;3.141.59&amp;apos;, revision: &amp;apos;e82be7d358&amp;apos;, time: &amp;apos;2018-11-14T08:17:03&amp;apos;
System info: host: &amp;apos;DESKTOP-FODCQ2C&amp;apos;, ip: &amp;apos;192.168.1.67&amp;apos;, os.name: &amp;apos;Windows 11&amp;apos;, os.arch: &amp;apos;amd64&amp;apos;, os.version: &amp;apos;10.0&amp;apos;, java.version: &amp;apos;17.0.6&amp;apos;
Driver info: org.openqa.selenium.chrome.ChromeDriver
Capabilities {acceptInsecureCerts: false, browserName: chrome, browserVersion: 110.0.5481.77, chrome: {chromedriverVersion: 110.0.5481.77 (65ed616c6e8e..., userDataDir: C:\Users\LENOVO\AppData\Loc...}, goog:chromeOptions: {debuggerAddress: localhost:59560}, javascriptEnabled: true, networkConnectionEnabled: false, pageLoadStrategy: normal, platform: WINDOWS, platformName: WINDOWS, proxy: Proxy(), setWindowRect: true, strictFileInteractability: false, timeouts: {implicit: 0, pageLoad: 300000, script: 30000}, unhandledPromptBehavior: dismiss and notify, webauthn:extension:credBlob: true, webauthn:extension:largeBlob: true, webauthn:virtualAuthenticators: true}
Session ID: 07c61eb4fc4ab5b3868022e6c163225a
*** Element info: {Using=xpath, value=//div[@class=&amp;apos;vtiger-menu-item col-lg-6 textOverflowEllipsis textAlignLeft&amp;apos; and @title=&amp;apos;Campaigns&amp;apos;]}">
      <![CDATA[org.openqa.selenium.NoSuchElementException: no such element: Unable to locate element: {"method":"xpath","selector":"//div[@class='vtiger-menu-item col-lg-6 textOverflowEllipsis textAlignLeft' and @title='Campaigns']"}
  (Session info: chrome=110.0.5481.77)
For documentation on this error, please visit: https://www.seleniumhq.org/exceptions/no_such_element.html
Build info: version: '3.141.59', revision: 'e82be7d358', time: '2018-11-14T08:17:03'
System info: host: 'DESKTOP-FODCQ2C', ip: '192.168.1.67', os.name: 'Windows 11', os.arch: 'amd64', os.version: '10.0', java.version: '17.0.6'
Driver info: org.openqa.selenium.chrome.ChromeDriver
Capabilities {acceptInsecureCerts: false, browserName: chrome, browserVersion: 110.0.5481.77, chrome: {chromedriverVersion: 110.0.5481.77 (65ed616c6e8e..., userDataDir: C:\Users\LENOVO\AppData\Loc...}, goog:chromeOptions: {debuggerAddress: localhost:59560}, javascriptEnabled: true, networkConnectionEnabled: false, pageLoadStrategy: normal, platform: WINDOWS, platformName: WINDOWS, proxy: Proxy(), setWindowRect: true, strictFileInteractability: false, timeouts: {implicit: 0, pageLoad: 300000, script: 30000}, unhandledPromptBehavior: dismiss and notify, webauthn:extension:credBlob: true, webauthn:extension:largeBlob: true, webauthn:virtualAuthenticators: true}
Session ID: 07c61eb4fc4ab5b3868022e6c163225a
*** Element info: {Using=xpath, value=//div[@class='vtiger-menu-item col-lg-6 textOverflowEllipsis textAlignLeft' and @title='Campaigns']}
at org.openqa.selenium.remote.http.W3CHttpResponseCodec.createException(W3CHttpResponseCodec.java:187)
at org.openqa.selenium.remote.http.W3CHttpResponseCodec.decode(W3CHttpResponseCodec.java:122)
at org.openqa.selenium.remote.http.W3CHttpResponseCodec.decode(W3CHttpResponseCodec.java:49)
at org.openqa.selenium.remote.HttpCommandExecutor.execute(HttpCommandExecutor.java:158)
at org.openqa.selenium.remote.service.DriverCommandExecutor.execute(DriverCommandExecutor.java:83)
at org.openqa.selenium.remote.RemoteWebDriver.execute(RemoteWebDriver.java:552)
at org.openqa.selenium.remote.RemoteWebDriver.findElement(RemoteWebDriver.java:323)
at org.openqa.selenium.remote.RemoteWebDriver.findElementByXPath(RemoteWebDriver.java:428)
at org.openqa.selenium.By$ByXPath.findElement(By.java:353)
at org.openqa.selenium.remote.RemoteWebDriver.findElement(RemoteWebDriver.java:315)
at org.openqa.selenium.support.pagefactory.DefaultElementLocator.findElement(DefaultElementLocator.java:69)
at org.openqa.selenium.support.pagefactory.internal.LocatingElementHandler.invoke(LocatingElementHandler.java:38)
at jdk.proxy2/jdk.proxy2.$Proxy15.click(Unknown Source)
at com.crm9woodDevBallistixcem.CreateEditDelete9woodDevTest.createEditDeleteMarketingCampaignTest(CreateEditDelete9woodDevTest.java:53)
at java.base/java.util.ArrayList.forEach(ArrayList.java:1511)
... Removed 32 stack frames]]>
    </failure>
  </testcase> <!-- createEditDeleteMarketingCampaignTest -->
  <testcase classname="com.crm9woodDevBallistixcem.CreateEditDelete9woodDevTest" name="createLeadEditLeadDeleteLead" time="27.061"/>
  <testcase classname="com.crm9woodDevBallistixcem.CreateEditDelete9woodDevTest" name="createEditDeleteInventoryProducts" time="1.247">
    <skipped/>
  </testcase> <!-- createEditDeleteInventoryProducts -->
  <testcase classname="com.crm9woodDevBallistixcem.CreateEditDelete9woodDevTest" name="createEditDeleteInventoryProducts" time="18.55"/>
  <testcase classname="com.crm9woodDevBallistixcem.CreateEditDelete9woodDevTest" name="createEditDeleteInventoryVendorTest" time="14.032"/>
  <testcase classname="com.crm9woodDevBallistixcem.CreateEditDelete9woodDevTest" name="createEditDeleteSalesContactTest" time="27.061"/>
  <testcase classname="com.crm9woodDevBallistixcem.CreateEditDelete9woodDevTest" name="createEditDeleteSalesProduct" time="12.438"/>
  <testcase classname="com.crm9woodDevBallistixcem.CreateEditDelete9woodDevTest" name="createEditDeleteSalesProjectOoops" time="0.0">
    <ignored/>
  </testcase> <!-- createEditDeleteSalesProjectOoops -->
  <testcase classname="com.crm9woodDevBallistixcem.CreateEditDelete9woodDevTest" name="createEditDeleteSalesOrganisationTest" time="0.0">
    <ignored/>
  </testcase> <!-- createEditDeleteSalesOrganisationTest -->
</testsuite> <!-- TestNG Test -->
